0 info it worked if it ends with ok
1 verbose cli [ 'C:\\Program Files\\nodejs\\node.exe',
1 verbose cli   'C:\\Program Files\\nodejs\\node_modules\\npm\\bin\\npm-cli.js',
1 verbose cli   'install',
1 verbose cli   'requirejs' ]
2 info using npm@3.10.10
3 info using node@v6.9.5
4 silly loadCurrentTree Starting
5 silly install loadCurrentTree
6 silly install readLocalPackageData
7 silly fetchPackageMetaData requirejs
8 silly fetchNamedPackageData requirejs
9 silly mapToRegistry name requirejs
10 silly mapToRegistry using default registry
11 silly mapToRegistry registry https://registry.npmjs.org/
12 silly mapToRegistry data Result {
12 silly mapToRegistry   raw: 'requirejs',
12 silly mapToRegistry   scope: null,
12 silly mapToRegistry   escapedName: 'requirejs',
12 silly mapToRegistry   name: 'requirejs',
12 silly mapToRegistry   rawSpec: '',
12 silly mapToRegistry   spec: 'latest',
12 silly mapToRegistry   type: 'tag' }
13 silly mapToRegistry uri https://registry.npmjs.org/requirejs
14 verbose request uri https://registry.npmjs.org/requirejs
15 verbose request no auth needed
16 info attempt registry request try #1 at 11:34:01 PM
17 verbose request id fafaf4fac7731239
18 verbose etag W/"597eb107-c778"
19 verbose lastModified Mon, 31 Jul 2017 04:24:39 GMT
20 http request GET https://registry.npmjs.org/requirejs
21 http 200 https://registry.npmjs.org/requirejs
22 verbose headers { 'content-type': 'application/json; charset=UTF-8',
22 verbose headers   server: 'UploadServer',
22 verbose headers   'cache-control': 'max-age=300',
22 verbose headers   'last-modified': 'Mon, 18 Dec 2017 13:34:23 GMT',
22 verbose headers   etag: '"5a37c3df-cc35"',
22 verbose headers   'content-encoding': 'gzip',
22 verbose headers   'content-length': '5175',
22 verbose headers   'accept-ranges': 'bytes',
22 verbose headers   date: 'Tue, 19 Dec 2017 18:04:02 GMT',
22 verbose headers   via: '1.1 varnish',
22 verbose headers   age: '335',
22 verbose headers   connection: 'keep-alive',
22 verbose headers   'x-served-by': 'cache-ams4150-AMS',
22 verbose headers   'x-cache': 'HIT',
22 verbose headers   'x-cache-hits': '1',
22 verbose headers   'x-timer': 'S1513706642.273787,VS0,VE1',
22 verbose headers   vary: 'Accept-Encoding, Accept' }
23 silly get cb [ 200,
23 silly get   { 'content-type': 'application/json; charset=UTF-8',
23 silly get     server: 'UploadServer',
23 silly get     'cache-control': 'max-age=300',
23 silly get     'last-modified': 'Mon, 18 Dec 2017 13:34:23 GMT',
23 silly get     etag: '"5a37c3df-cc35"',
23 silly get     'content-encoding': 'gzip',
23 silly get     'content-length': '5175',
23 silly get     'accept-ranges': 'bytes',
23 silly get     date: 'Tue, 19 Dec 2017 18:04:02 GMT',
23 silly get     via: '1.1 varnish',
23 silly get     age: '335',
23 silly get     connection: 'keep-alive',
23 silly get     'x-served-by': 'cache-ams4150-AMS',
23 silly get     'x-cache': 'HIT',
23 silly get     'x-cache-hits': '1',
23 silly get     'x-timer': 'S1513706642.273787,VS0,VE1',
23 silly get     vary: 'Accept-Encoding, Accept' } ]
24 verbose get saving requirejs to C:\Users\TOSHIBA\AppData\Roaming\npm-cache\registry.npmjs.org\requirejs\.cache.json
25 verbose correctMkdir C:\Users\TOSHIBA\AppData\Roaming\npm-cache correctMkdir not in flight; initializing
26 silly install normalizeTree
27 silly loadCurrentTree Finishing
28 silly loadIdealTree Starting
29 silly install loadIdealTree
30 silly cloneCurrentTree Starting
31 silly install cloneCurrentTreeToIdealTree
32 silly cloneCurrentTree Finishing
33 silly loadShrinkwrap Starting
34 silly install loadShrinkwrap
35 silly loadShrinkwrap Finishing
36 silly loadAllDepsIntoIdealTree Starting
37 silly install loadAllDepsIntoIdealTree
38 silly resolveWithNewModule requirejs@2.3.5 checking installable status
39 silly cache add args [ 'requirejs', null ]
40 verbose cache add spec requirejs
41 silly cache add parsed spec Result {
41 silly cache add   raw: 'requirejs',
41 silly cache add   scope: null,
41 silly cache add   escapedName: 'requirejs',
41 silly cache add   name: 'requirejs',
41 silly cache add   rawSpec: '',
41 silly cache add   spec: 'latest',
41 silly cache add   type: 'tag' }
42 silly addNamed requirejs@latest
43 verbose addNamed "latest" is being treated as a dist-tag for requirejs
44 info addNameTag [ 'requirejs', 'latest' ]
45 silly mapToRegistry name requirejs
46 silly mapToRegistry using default registry
47 silly mapToRegistry registry https://registry.npmjs.org/
48 silly mapToRegistry data Result {
48 silly mapToRegistry   raw: 'requirejs',
48 silly mapToRegistry   scope: null,
48 silly mapToRegistry   escapedName: 'requirejs',
48 silly mapToRegistry   name: 'requirejs',
48 silly mapToRegistry   rawSpec: '',
48 silly mapToRegistry   spec: 'latest',
48 silly mapToRegistry   type: 'tag' }
49 silly mapToRegistry uri https://registry.npmjs.org/requirejs
50 verbose addNameTag registry:https://registry.npmjs.org/requirejs not in flight; fetching
51 verbose get https://registry.npmjs.org/requirejs not expired, no request
52 silly addNameTag next cb for requirejs with tag latest
53 silly addNamed requirejs@2.3.5
54 verbose addNamed "2.3.5" is a plain semver version for requirejs
55 silly mapToRegistry name requirejs
56 silly mapToRegistry using default registry
57 silly mapToRegistry registry https://registry.npmjs.org/
58 silly mapToRegistry data Result {
58 silly mapToRegistry   raw: 'requirejs',
58 silly mapToRegistry   scope: null,
58 silly mapToRegistry   escapedName: 'requirejs',
58 silly mapToRegistry   name: 'requirejs',
58 silly mapToRegistry   rawSpec: '',
58 silly mapToRegistry   spec: 'latest',
58 silly mapToRegistry   type: 'tag' }
59 silly mapToRegistry uri https://registry.npmjs.org/requirejs
60 verbose addRemoteTarball https://registry.npmjs.org/requirejs/-/requirejs-2.3.5.tgz not in flight; adding
61 verbose addRemoteTarball [ 'https://registry.npmjs.org/requirejs/-/requirejs-2.3.5.tgz',
61 verbose addRemoteTarball   '617b9acbbcb336540ef4914d790323a8d4b861b0' ]
62 info retry fetch attempt 1 at 11:34:06 PM
63 info attempt registry request try #1 at 11:34:06 PM
64 http fetch GET https://registry.npmjs.org/requirejs/-/requirejs-2.3.5.tgz
65 http fetch 200 https://registry.npmjs.org/requirejs/-/requirejs-2.3.5.tgz
66 warn retry will retry, error on last attempt: Error: EBUSY: resource busy or locked, rename 'C:\Users\TOSHIBA\AppData\Local\Temp\npm-6036-22325bf3\registry.npmjs.org\requirejs\-\requirejs-2.3.5.tgz.124260961' -> 'C:\Users\TOSHIBA\AppData\Local\Temp\npm-6036-22325bf3\registry.npmjs.org\requirejs\-\requirejs-2.3.5.tgz'
67 verbose stack TypeError: tarball.destroy is not a function
67 verbose stack     at WriteStreamAtomic.<anonymous> (C:\Program Files\nodejs\node_modules\npm\lib\cache\add-remote-tarball.js:97:15)
67 verbose stack     at emitOne (events.js:101:20)
67 verbose stack     at WriteStreamAtomic.emit (events.js:188:7)
67 verbose stack     at WriteStreamAtomic.emit (C:\Program Files\nodejs\node_modules\npm\node_modules\fs-write-stream-atomic\index.js:60:34)
67 verbose stack     at C:\Program Files\nodejs\node_modules\npm\node_modules\fs-write-stream-atomic\index.js:89:19
67 verbose stack     at FSReqWrap.oncomplete (fs.js:123:15)
68 verbose cwd D:\workspace(Grace)\GraceProject
69 error Windows_NT 6.1.7601
70 error argv "C:\\Program Files\\nodejs\\node.exe" "C:\\Program Files\\nodejs\\node_modules\\npm\\bin\\npm-cli.js" "install" "requirejs"
71 error node v6.9.5
72 error npm  v3.10.10
73 error tarball.destroy is not a function
74 error If you need help, you may report this error at:
74 error     <https://github.com/npm/npm/issues>
75 verbose exit [ 1, true ]
